<?xml version="1.0" encoding="UTF-8"?>
<!-- Generated by org.testng.reporters.JUnitReportReporter -->
<testsuite skipped="0" hostname="DESKTOP-306JVQ2" name="tests.Runner1" tests="1" failures="0" timestamp="2023-06-06T16:21:00 IST" time="31.410" errors="0">
  <testcase name="runScenario" time="31.410" classname="tests.Runner1"/>
  <system-out/>
</testsuite> <!-- tests.Runner1 -->
